
> eventlinqs-app@0.1.0 start
> next start

▲ Next.js 16.2.7
- Local:         http://localhost:3000
- Network:       http://10.151.245.118:3000
✓ Ready in 330ms
[sentry-instrumentation] register() invoked {
  runtime: 'nodejs',
  vercelEnv: undefined,
  timestamp: '2026-07-10T04:40:20.194Z'
}
[sentry-server-config] module loaded {
  dsnPresent: false,
  dsnSource: 'NONE',
  timestamp: '2026-07-10T04:40:20.281Z'
}
[observability/sentry] shim load: no DSN, skipping init { dsnSource: 'NONE', timestamp: '2026-07-10T04:40:21.285Z' }
[observability/sentry] shim load: no DSN, skipping init { dsnSource: 'NONE', timestamp: '2026-07-10T04:40:39.996Z' }
node.exe : [rate-limit] redis error, failing open: 
[TypeError: fetch failed] {
At line:1 char:1
+ & "C:\Program Files\nodejs/node.exe" "C:\Program 
Files\nodejs/node_mo ...
+ ~~~~~~~~~~~~~~~~~~~~~~~~~~~~~~~~~~~~~~~~~~~~~~~~~~~~~~~~~
~~~~~~~~~~~~
    + CategoryInfo          : NotSpecified: ([rate-limit]  
   re...fetch failed] {:String) [], RemoteException
    + FullyQualifiedErrorId : NativeCommandError
 
  [cause]: Error: bad port
      at ignore-listed frames
}
[rate-limit] redis error, failing open: [TypeError: fetch 
failed] {
  [cause]: Error: bad port
      at ignore-listed frames
}
[rate-limit] redis error, failing open: [TypeError: fetch 
failed] {
  [cause]: Error: bad port
      at ignore-listed frames
}
[rate-limit] redis error, failing open: [TypeError: fetch 
failed] {
  [cause]: Error: bad port
      at ignore-listed frames
}
[rate-limit] redis error, failing open: [TypeError: fetch 
failed] {
  [cause]: Error: bad port
      at ignore-listed frames
}
[rate-limit] redis error, failing open: [TypeError: fetch 
failed] {
  [cause]: Error: bad port
      at ignore-listed frames
}
[rate-limit] redis error, failing open: [TypeError: fetch 
failed] {
  [cause]: Error: bad port
      at ignore-listed frames
}
[rate-limit] redis error, failing open: [TypeError: fetch 
failed] {
  [cause]: Error: bad port
      at ignore-listed frames
}
[rate-limit] redis error, failing open: [TypeError: fetch 
failed] {
  [cause]: Error: bad port
      at ignore-listed frames
}
[rate-limit] redis error, failing open: [TypeError: fetch 
failed] {
  [cause]: Error: bad port
      at ignore-listed frames
}
